<?xml version="1.0" encoding="UTF-8"?>
<!-- Generated by org.testng.reporters.JUnitReportReporter -->
<testsuite hostname="LAPTOP-OHCLIOC7" name="pom.irctc.testcases.TC002" tests="1" failures="0" timestamp="16 Dec 2021 07:21:36 GMT" time="64.991" errors="0">
  <testcase name="bookYourCoach" time="64.991" classname="pom.irctc.testcases.TC002"/>
</testsuite> <!-- pom.irctc.testcases.TC002 -->
