<?xml version="1.0" encoding="UTF-8"?>
<!-- Generated by org.testng.reporters.JUnitReportReporter -->
<testsuite hostname="LAPTOP-OHCLIOC7" name="pom.irctc.testcases.TC003" tests="1" failures="0" timestamp="16 Dec 2021 07:59:00 GMT" time="21.917" errors="0">
  <testcase name="saloonCharter" time="21.917" classname="pom.irctc.testcases.TC003"/>
</testsuite> <!-- pom.irctc.testcases.TC003 -->
