<?xml version="1.0" encoding="UTF-8"?>
<!-- Generated by org.testng.reporters.JUnitReportReporter -->
<testsuite hostname="LAPTOP-OHCLIOC7" name="utils.SampleReport" tests="1" failures="0" timestamp="7 Dec 2021 10:14:26 GMT" time="0.404" errors="0">
  <testcase name="generateReport" time="0.404" classname="utils.SampleReport"/>
</testsuite> <!-- utils.SampleReport -->
