<?xml version="1.0" encoding="UTF-8"?>
<!-- Generated by org.testng.reporters.JUnitReportReporter -->
<testsuite hostname="LAPTOP-OHCLIOC7" name="pom.irctc.testcases.TC005" tests="1" failures="0" timestamp="16 Dec 2021 08:06:20 GMT" time="81.442" errors="0">
  <testcase name="hotelBookingGstValidation" time="81.442" classname="pom.irctc.testcases.TC005"/>
</testsuite> <!-- pom.irctc.testcases.TC005 -->
