<?xml version="1.0" encoding="UTF-8"?>
<!-- Generated by org.testng.reporters.JUnitReportReporter -->
<testsuite hostname="LAPTOP-OHCLIOC7" name="pom.facebook.testcase.TC006" tests="1" failures="0" timestamp="13 Dec 2021 11:21:14 GMT" time="11.248" errors="0">
  <testcase name="facebookSignup" time="11.248" classname="pom.facebook.testcase.TC006"/>
</testsuite> <!-- pom.facebook.testcase.TC006 -->
