<?xml version="1.0" encoding="UTF-8"?>
<!-- Generated by org.testng.reporters.JUnitReportReporter -->
<testsuite hostname="LAPTOP-OHCLIOC7" name="pom.irctc.testcases.TC004" tests="1" failures="0" timestamp="16 Dec 2021 08:08:02 GMT" time="66.134" errors="0">
  <testcase name="hotelBookingOtpValidation" time="66.134" classname="pom.irctc.testcases.TC004"/>
</testsuite> <!-- pom.irctc.testcases.TC004 -->
