<?xml version="1.0" encoding="UTF-8"?>
<!-- Generated by org.testng.reporters.JUnitReportReporter -->
<testsuite hostname="LAPTOP-OHCLIOC7" name="pom.formc.testcase.TC008" tests="1" failures="0" timestamp="13 Dec 2021 13:13:02 GMT" time="22.466" errors="0">
  <testcase name="formcUserRegistration" time="22.466" classname="pom.formc.testcase.TC008"/>
</testsuite> <!-- pom.formc.testcase.TC008 -->
