<?xml version="1.0" encoding="UTF-8"?>
<!-- Generated by org.testng.reporters.JUnitReportReporter -->
<testsuite hostname="LAPTOP-OHCLIOC7" name="pom.pan.testcase.TC009" tests="1" failures="0" timestamp="13 Dec 2021 12:22:11 GMT" time="18.587" errors="0">
  <testcase name="panRegistration" time="18.587" classname="pom.pan.testcase.TC009"/>
</testsuite> <!-- pom.pan.testcase.TC009 -->
