<?xml version="1.0" encoding="UTF-8"?>
<!-- Generated by org.testng.reporters.JUnitReportReporter -->
<testsuite hostname="LAPTOP-OHCLIOC7" name="pom.phptravels.testcase.TC007" tests="1" failures="0" timestamp="13 Dec 2021 11:29:35 GMT" time="14.224" errors="0">
  <testcase name="phpRegistration" time="14.224" classname="pom.phptravels.testcase.TC007"/>
</testsuite> <!-- pom.phptravels.testcase.TC007 -->
